Build started 9/10/2015 9:28:37 PM.
     1>Project "C:\Users\Aria\Desktop\LuminaGL-master\src\LuminaGL.vcxproj" on node 2 (Build target(s)).
     1>ClCompile:
         C:\Program Files (x86)\Microsoft Visual Studio 14.0\VC\bin\x86_amd64\CL.exe /c /ZI /nologo /W3 /WX- /sdl /Od /D _MBCS /Gm /EHsc /RTC1 /MDd /GS /fp:precise /Zc:wchar_t /Zc:forScope /Zc:inline /Fo"x64\Debug\\" /Fd"x64\Debug\vc140.pdb" /Gd /TP /errorReport:prompt Game.cpp Graphics\Camera.cpp Graphics\Data.cpp Graphics\Material.cpp Graphics\Mesh.cpp Graphics\MeshBuilder.cpp Main.cpp Math\Math.cpp Math\Matrix.cpp Math\Quaternion.cpp Math\Vector.cpp TestScene.cpp Utility\FileSystem.cpp Utility\Input.cpp Utility\Timer.cpp Window.cpp
         Window.cpp
     1>c:\users\aria\desktop\luminagl-master\src\config.hpp(13): fatal error C1083: Cannot open include file: 'GL\glew.h': No such file or directory
         Timer.cpp
         Input.cpp
     1>c:\users\aria\desktop\luminagl-master\src\config.hpp(13): fatal error C1083: Cannot open include file: 'GL\glew.h': No such file or directory
         FileSystem.cpp
     1>c:\users\aria\desktop\luminagl-master\src\config.hpp(13): fatal error C1083: Cannot open include file: 'GL\glew.h': No such file or directory
         TestScene.cpp
     1>c:\users\aria\desktop\luminagl-master\src\config.hpp(13): fatal error C1083: Cannot open include file: 'GL\glew.h': No such file or directory
         Vector.cpp
     1>c:\users\aria\desktop\luminagl-master\src\config.hpp(13): fatal error C1083: Cannot open include file: 'GL\glew.h': No such file or directory
         Quaternion.cpp
     1>c:\users\aria\desktop\luminagl-master\src\config.hpp(13): fatal error C1083: Cannot open include file: 'GL\glew.h': No such file or directory
         Matrix.cpp
     1>c:\users\aria\desktop\luminagl-master\src\config.hpp(13): fatal error C1083: Cannot open include file: 'GL\glew.h': No such file or directory
         Math.cpp
     1>c:\users\aria\desktop\luminagl-master\src\config.hpp(13): fatal error C1083: Cannot open include file: 'GL\glew.h': No such file or directory
         Main.cpp
     1>c:\users\aria\desktop\luminagl-master\src\config.hpp(13): fatal error C1083: Cannot open include file: 'GL\glew.h': No such file or directory
         MeshBuilder.cpp
     1>c:\users\aria\desktop\luminagl-master\src\config.hpp(13): fatal error C1083: Cannot open include file: 'GL\glew.h': No such file or directory
         Mesh.cpp
     1>c:\users\aria\desktop\luminagl-master\src\config.hpp(13): fatal error C1083: Cannot open include file: 'GL\glew.h': No such file or directory
         Material.cpp
     1>c:\users\aria\desktop\luminagl-master\src\config.hpp(13): fatal error C1083: Cannot open include file: 'GL\glew.h': No such file or directory
         Data.cpp
     1>c:\users\aria\desktop\luminagl-master\src\config.hpp(13): fatal error C1083: Cannot open include file: 'GL\glew.h': No such file or directory
         Camera.cpp
     1>c:\users\aria\desktop\luminagl-master\src\config.hpp(13): fatal error C1083: Cannot open include file: 'GL\glew.h': No such file or directory
         Game.cpp
     1>c:\users\aria\desktop\luminagl-master\src\config.hpp(13): fatal error C1083: Cannot open include file: 'GL\glew.h': No such file or directory
         Generating Code...
     1>Done Building Project "C:\Users\Aria\Desktop\LuminaGL-master\src\LuminaGL.vcxproj" (Build target(s)) -- FAILED.

Build FAILED.

Time Elapsed 00:00:01.11
